<?xml version="1.0" encoding="UTF-8"?>
<testsuite xmlns:xsi="http://www.w3.org/2001/XMLSchema-instance" xsi:noNamespaceSchemaLocation="https://maven.apache.org/surefire/maven-surefire-plugin/xsd/surefire-test-report.xsd" version="3.0.2" name="com.ecommerce.repo.ProductRepositoryTest" time="0.211" tests="3" errors="0" skipped="0" failures="0" flakes="0">
  <properties>
[...]
</properties>
  <testcase name="saveAndFindProduct" classname="com.ecommerce.repo.ProductRepositoryTest" time="0.059">
    <system-out><![CDATA[2026-05-05T18:42:57.172+02:00  INFO 75568 --- [           main] t.c.s.AnnotationConfigContextLoaderUtils : Could not detect default configuration classes for test class [com.ecommerce.repo.ProductRepositoryTest]: ProductRepositoryTest does not declare any static, non-private, non-final, nested classes annotated with @Configuration.
2026-05-05T18:42:57.180+02:00  INFO 75568 --- [           main] .b.t.c.SpringBootTestContextBootstrapper : Found @SpringBootConfiguration com.ecommerce.EcommerceApplication for test class com.ecommerce.repo.ProductRepositoryTest
2026-05-05T18:42:57.181+02:00  INFO 75568 --- [           main] t.c.s.AnnotationConfigContextLoaderUtils : Could not detect default configuration classes for test class [com.ecommerce.repo.ProductRepositoryTest]: ProductRepositoryTest does not declare any static, non-private, non-final, nested classes annotated with @Configuration.
2026-05-05T18:42:57.188+02:00  INFO 75568 --- [           main] .b.t.c.SpringBootTestContextBootstrapper : Found @SpringBootConfiguration com.ecommerce.EcommerceApplication for test class com.ecommerce.repo.ProductRepositoryTest
]]></system-out>
  </testcase>
  <testcase name="findByCategory_ShouldReturnProducts" classname="com.ecommerce.repo.ProductRepositoryTest" time="0.048"/>
  <testcase name="searchByNameOrCategory_ShouldReturnResults" classname="com.ecommerce.repo.ProductRepositoryTest" time="0.061"/>
</testsuite>